<?xml version="1.0" encoding="UTF-8"?>
<coverage generated="1646854603188" clover="3.2.0">
  <project timestamp="1646854603189" name="All files">
    <metrics statements="30" coveredstatements="19" conditionals="8" coveredconditionals="3" methods="7" coveredmethods="5" elements="45" coveredelements="27" complexity="0" loc="30" ncloc="30" packages="1" files="1" classes="1"/>
    <file name="utils.js" path="/home/app/src/helpers/utils.js">
      <metrics statements="30" coveredstatements="19" conditionals="8" coveredconditionals="3" methods="7" coveredmethods="5"/>
      <line num="7" count="1" type="stmt"/>
      <line num="8" count="0" type="stmt"/>
      <line num="9" count="0" type="stmt"/>
      <line num="10" count="0" type="stmt"/>
      <line num="11" count="0" type="stmt"/>
      <line num="12" count="0" type="stmt"/>
      <line num="19" count="0" type="stmt"/>
      <line num="20" count="0" type="stmt"/>
      <line num="25" count="1" type="stmt"/>
      <line num="26" count="1" type="stmt"/>
      <line num="32" count="1" type="stmt"/>
      <line num="43" count="1" type="cond" truecount="0" falsecount="2"/>
      <line num="45" count="1" type="stmt"/>
      <line num="46" count="2" type="stmt"/>
      <line num="47" count="2" type="stmt"/>
      <line num="48" count="4" type="cond" truecount="3" falsecount="1"/>
      <line num="50" count="1" type="stmt"/>
      <line num="52" count="1" type="stmt"/>
      <line num="57" count="1" type="stmt"/>
      <line num="58" count="0" type="cond" truecount="0" falsecount="2"/>
      <line num="59" count="0" type="stmt"/>
      <line num="60" count="0" type="stmt"/>
      <line num="61" count="0" type="stmt"/>
      <line num="65" count="1" type="stmt"/>
      <line num="66" count="1" type="stmt"/>
      <line num="67" count="1" type="stmt"/>
      <line num="69" count="1" type="stmt"/>
      <line num="70" count="6" type="stmt"/>
      <line num="71" count="1" type="stmt"/>
      <line num="79" count="1" type="stmt"/>
    </file>
  </project>
</coverage>
