{"/home/app/src/helpers/utils.js": {"path":"/home/app/src/helpers/utils.js","statementMap":{"0":{"start":{"line":7,"column":21},"end":{"line":22,"column":1}},"1":{"start":{"line":8,"column":1},"end":{"line":21,"column":2}},"2":{"start":{"line":9,"column":30},"end":{"line":9,"column":50}},"3":{"start":{"line":10,"column":16},"end":{"line":10,"column":43}},"4":{"start":{"line":11,"column":20},"end":{"line":11,"column":50}},"5":{"start":{"line":12,"column":2},"end":{"line":17,"column":4}},"6":{"start":{"line":19,"column":2},"end":{"line":19,"column":43}},"7":{"start":{"line":20,"column":2},"end":{"line":20,"column":15}},"8":{"start":{"line":25,"column":17},"end":{"line":41,"column":1}},"9":{"start":{"line":26,"column":14},"end":{"line":31,"column":2}},"10":{"start":{"line":32,"column":1},"end":{"line":40,"column":3}},"11":{"start":{"line":43,"column":21},"end":{"line":43,"column":116}},"12":{"start":{"line":43,"column":55},"end":{"line":43,"column":116}},"13":{"start":{"line":45,"column":20},"end":{"line":54,"column":1}},"14":{"start":{"line":46,"column":1},"end":{"line":53,"column":2}},"15":{"start":{"line":47,"column":2},"end":{"line":49,"column":5}},"16":{"start":{"line":48,"column":3},"end":{"line":48,"column":58}},"17":{"start":{"line":50,"column":2},"end":{"line":50,"column":14}},"18":{"start":{"line":52,"column":2},"end":{"line":52,"column":15}},"19":{"start":{"line":57,"column":20},"end":{"line":63,"column":1}},"20":{"start":{"line":58,"column":1},"end":{"line":62,"column":2}},"21":{"start":{"line":59,"column":2},"end":{"line":59,"column":46}},"22":{"start":{"line":60,"column":2},"end":{"line":60,"column":24}},"23":{"start":{"line":61,"column":2},"end":{"line":61,"column":46}},"24":{"start":{"line":65,"column":19},"end":{"line":72,"column":1}},"25":{"start":{"line":66,"column":20},"end":{"line":66,"column":84}},"26":{"start":{"line":67,"column":26},"end":{"line":67,"column":43}},"27":{"start":{"line":69,"column":14},"end":{"line":69,"column":16}},"28":{"start":{"line":70,"column":1},"end":{"line":70,"column":114}},"29":{"start":{"line":70,"column":15},"end":{"line":70,"column":16}},"30":{"start":{"line":70,"column":36},"end":{"line":70,"column":114}},"31":{"start":{"line":71,"column":1},"end":{"line":71,"column":15}},"32":{"start":{"line":79,"column":0},"end":{"line":86,"column":2}}},"fnMap":{"0":{"name":"(anonymous_0)","decl":{"start":{"line":7,"column":21},"end":{"line":7,"column":22}},"loc":{"start":{"line":7,"column":36},"end":{"line":22,"column":1}},"line":7},"1":{"name":"(anonymous_1)","decl":{"start":{"line":25,"column":17},"end":{"line":25,"column":18}},"loc":{"start":{"line":25,"column":64},"end":{"line":41,"column":1}},"line":25},"2":{"name":"(anonymous_2)","decl":{"start":{"line":43,"column":21},"end":{"line":43,"column":22}},"loc":{"start":{"line":43,"column":55},"end":{"line":43,"column":116}},"line":43},"3":{"name":"(anonymous_3)","decl":{"start":{"line":45,"column":20},"end":{"line":45,"column":21}},"loc":{"start":{"line":45,"column":40},"end":{"line":54,"column":1}},"line":45},"4":{"name":"(anonymous_4)","decl":{"start":{"line":47,"column":16},"end":{"line":47,"column":17}},"loc":{"start":{"line":47,"column":23},"end":{"line":49,"column":3}},"line":47},"5":{"name":"(anonymous_5)","decl":{"start":{"line":57,"column":20},"end":{"line":57,"column":21}},"loc":{"start":{"line":57,"column":28},"end":{"line":63,"column":1}},"line":57},"6":{"name":"(anonymous_6)","decl":{"start":{"line":65,"column":19},"end":{"line":65,"column":20}},"loc":{"start":{"line":65,"column":29},"end":{"line":72,"column":1}},"line":65}},"branchMap":{"0":{"loc":{"start":{"line":43,"column":23},"end":{"line":43,"column":34}},"type":"default-arg","locations":[{"start":{"line":43,"column":33},"end":{"line":43,"column":34}}],"line":43},"1":{"loc":{"start":{"line":43,"column":36},"end":{"line":43,"column":49}},"type":"default-arg","locations":[{"start":{"line":43,"column":46},"end":{"line":43,"column":49}}],"line":43},"2":{"loc":{"start":{"line":48,"column":3},"end":{"line":48,"column":58}},"type":"if","locations":[{"start":{"line":48,"column":3},"end":{"line":48,"column":58}},{"start":{},"end":{}}],"line":48},"3":{"loc":{"start":{"line":48,"column":8},"end":{"line":48,"column":54}},"type":"binary-expr","locations":[{"start":{"line":48,"column":8},"end":{"line":48,"column":31}},{"start":{"line":48,"column":35},"end":{"line":48,"column":54}}],"line":48},"4":{"loc":{"start":{"line":58,"column":1},"end":{"line":62,"column":2}},"type":"if","locations":[{"start":{"line":58,"column":1},"end":{"line":62,"column":2}},{"start":{},"end":{}}],"line":58}},"s":{"0":1,"1":0,"2":0,"3":0,"4":0,"5":0,"6":0,"7":0,"8":1,"9":1,"10":1,"11":1,"12":1,"13":1,"14":2,"15":2,"16":4,"17":1,"18":1,"19":1,"20":0,"21":0,"22":0,"23":0,"24":1,"25":1,"26":1,"27":1,"28":1,"29":1,"30":6,"31":1,"32":1},"f":{"0":0,"1":1,"2":1,"3":2,"4":4,"5":0,"6":1},"b":{"0":[0],"1":[0],"2":[0,3],"3":[4,1],"4":[0,0]},"_coverageSchema":"1a1c01bbd47fc00a2c39e90264f33305004495a9","hash":"c7b650e5edc6fe678c0e721e421399e0975c0643"}
}
