TN:
SF:src/helpers/utils.js
FN:7,(anonymous_0)
FN:25,(anonymous_1)
FN:43,(anonymous_2)
FN:45,(anonymous_3)
FN:47,(anonymous_4)
FN:57,(anonymous_5)
FN:65,(anonymous_6)
FNF:7
FNH:5
FNDA:0,(anonymous_0)
FNDA:1,(anonymous_1)
FNDA:1,(anonymous_2)
FNDA:2,(anonymous_3)
FNDA:4,(anonymous_4)
FNDA:0,(anonymous_5)
FNDA:1,(anonymous_6)
DA:7,1
DA:8,0
DA:9,0
DA:10,0
DA:11,0
DA:12,0
DA:19,0
DA:20,0
DA:25,1
DA:26,1
DA:32,1
DA:43,1
DA:45,1
DA:46,2
DA:47,2
DA:48,4
DA:50,1
DA:52,1
DA:57,1
DA:58,0
DA:59,0
DA:60,0
DA:61,0
DA:65,1
DA:66,1
DA:67,1
DA:69,1
DA:70,6
DA:71,1
DA:79,1
LF:30
LH:19
BRDA:43,0,0,0
BRDA:43,1,0,0
BRDA:48,2,0,0
BRDA:48,2,1,3
BRDA:48,3,0,4
BRDA:48,3,1,1
BRDA:58,4,0,0
BRDA:58,4,1,0
BRF:8
BRH:3
end_of_record
